<?xml version="1.0" encoding="UTF-8"?>
<testng-results skipped="0" failed="0" total="1" passed="1">
  <reporter-output>
  </reporter-output>
  <suite name="Suite" duration-ms="43502" started-at="2017-03-06T05:19:22Z" finished-at="2017-03-06T05:20:05Z">
    <groups>
    </groups>
    <test name="Test" duration-ms="43502" started-at="2017-03-06T05:19:22Z" finished-at="2017-03-06T05:20:05Z">
      <class name="shoppingCart.ShoppingCartArticles">
        <test-method status="PASS" signature="launchDriverChain(java.lang.String)[pri:0, instance:shoppingCart.ShoppingCartArticles@6a192cfe]" name="launchDriverChain" duration-ms="43187" started-at="2017-03-06T00:19:22Z" finished-at="2017-03-06T00:20:05Z">
          <params>
            <param index="0">
              <value>
                <![CDATA[firefox]]>
              </value>
            </param>
          </params>
          <reporter-output>
          </reporter-output>
        </test-method> <!-- launchDriverChain -->
        <test-method status="PASS" signature="ValidatTest()[pri:0, instance:shoppingCart.ShoppingCartArticles@6a192cfe]" name="ValidatTest" is-config="true" duration-ms="215" started-at="2017-03-06T00:20:05Z" finished-at="2017-03-06T00:20:05Z">
          <reporter-output>
          </reporter-output>
        </test-method> <!-- ValidatTest -->
        <test-method status="PASS" signature="Terminacion()[pri:0, instance:shoppingCart.ShoppingCartArticles@6a192cfe]" name="Terminacion" is-config="true" duration-ms="70" started-at="2017-03-06T00:20:05Z" finished-at="2017-03-06T00:20:05Z">
          <reporter-output>
          </reporter-output>
        </test-method> <!-- Terminacion -->
      </class> <!-- shoppingCart.ShoppingCartArticles -->
    </test> <!-- Test -->
  </suite> <!-- Suite -->
</testng-results>
